<?xml version="1.0" encoding="UTF-8"?>
<!-- Generated by org.testng.reporters.JUnitXMLReporter -->
<testsuite hostname="Ajay3147361" name="Default test" tests="6" failures="0" timestamp="19 Nov 2018 08:05:59 GMT" time="3.538" errors="0">
  <testcase name="verifyPlaceOrder" time="1.623" classname="com.lala.test.RunTest"/>
  <testcase name="verifyFetchOrderWhenOrderExist" time="0.392" classname="com.lala.test.RunTest"/>
  <testcase name="verifyFetchOrderWhenOrderDoesNotExist" time="0.178" classname="com.lala.test.RunTest"/>
  <testcase name="verifyDriveToTakeOrder" time="0.393" classname="com.lala.test.RunTest"/>
  <testcase name="verifyDriveToComplete" time="0.558" classname="com.lala.test.RunTest"/>
  <testcase name="verifyCancelOrder" time="0.371" classname="com.lala.test.RunTest"/>
</testsuite> <!-- Default test -->
