<?xml version="1.0" encoding="UTF-8"?>
<!-- Generated by org.testng.reporters.JUnitXMLReporter -->
<testsuite hostname="Stock10671.local" name="Default test" tests="6" failures="0" timestamp="18 Nov 2018 08:01:54 GMT" time="4.363" errors="0">
  <testcase name="verifyPlaceOrder" time="3.398" classname="com.lala.test.RunTest"/>
  <testcase name="verifyFetchOrderWhenOrderExist" time="0.284" classname="com.lala.test.RunTest"/>
  <testcase name="verifyFetchOrderWhenOrderDoesNotExist" time="0.033" classname="com.lala.test.RunTest"/>
  <testcase name="verifyDriveToTakeOrder" time="0.21" classname="com.lala.test.RunTest"/>
  <testcase name="verifyDriveToComplete" time="0.222" classname="com.lala.test.RunTest"/>
  <testcase name="verifyCancelOrder" time="0.173" classname="com.lala.test.RunTest"/>
</testsuite> <!-- Default test -->
