<?xml version="1.0" encoding="UTF-8"?>
<testng-results skipped="0" failed="0" total="1" passed="1">
  <reporter-output>
  </reporter-output>
  <suite name="lala Rest Api Testing" duration-ms="2661" started-at="2018-12-06T07:45:26Z" finished-at="2018-12-06T07:45:29Z">
    <groups>
    </groups>
    <test name="lalaTestNGTest" duration-ms="2661" started-at="2018-12-06T07:45:26Z" finished-at="2018-12-06T07:45:29Z">
      <class name="com.lala.test.PlaceOrderTest">
        <test-method status="PASS" signature="suitelalaTestNGTest()[pri:0, instance:com.lala.test.PlaceOrderTest@735b5592]" name="suitelalaTestNGTest" is-config="true" duration-ms="22" started-at="2018-12-06T13:15:26Z" finished-at="2018-12-06T13:15:26Z">
          <reporter-output>
          </reporter-output>
        </test-method> <!-- suitelalaTestNGTest -->
        <test-method status="PASS" signature="verifyingDistanceCount()[pri:1, instance:com.lala.test.PlaceOrderTest@735b5592]" name="verifyingDistanceCount" duration-ms="2625" started-at="2018-12-06T13:15:26Z" finished-at="2018-12-06T13:15:29Z">
          <reporter-output>
          </reporter-output>
        </test-method> <!-- verifyingDistanceCount -->
      </class> <!-- com.lala.test.PlaceOrderTest -->
    </test> <!-- lalaTestNGTest -->
  </suite> <!-- lala Rest Api Testing -->
</testng-results>
