<?xml version="1.0" encoding="UTF-8"?>
<testng-results skipped="0" failed="0" total="1" passed="1">
  <reporter-output>
  </reporter-output>
  <suite name="Default suite" duration-ms="1542" started-at="2018-11-18T07:19:55Z" finished-at="2018-11-18T07:19:56Z">
    <groups>
    </groups>
    <test name="Default test" duration-ms="1542" started-at="2018-11-18T07:19:55Z" finished-at="2018-11-18T07:19:56Z">
      <class name="com.lala.test.RunTest">
        <test-method status="PASS" signature="verifyDriveToComplete()[pri:5, instance:com.lala.test.RunTest@643b1d11]" name="verifyDriveToComplete" duration-ms="1519" started-at="2018-11-18T12:49:55Z" finished-at="2018-11-18T12:49:56Z">
          <reporter-output>
          </reporter-output>
        </test-method> <!-- verifyDriveToComplete -->
      </class> <!-- com.lala.test.RunTest -->
    </test> <!-- Default test -->
  </suite> <!-- Default suite -->
</testng-results>
