<?xml version="1.0" encoding="UTF-8"?>
<testng-results skipped="0" failed="0" total="1" passed="1">
  <reporter-output>
  </reporter-output>
  <suite name="Default suite" duration-ms="1690" started-at="2018-11-17T11:18:03Z" finished-at="2018-11-17T11:18:04Z">
    <groups>
    </groups>
    <test name="Default test" duration-ms="1690" started-at="2018-11-17T11:18:03Z" finished-at="2018-11-17T11:18:04Z">
      <class name="com.lala.test.RunTest">
        <test-method status="PASS" signature="verifyCancelOrder()[pri:-1, instance:com.lala.test.RunTest@643b1d11]" name="verifyCancelOrder" duration-ms="1668" started-at="2018-11-17T16:48:03Z" finished-at="2018-11-17T16:48:04Z">
          <reporter-output>
          </reporter-output>
        </test-method> <!-- verifyCancelOrder -->
      </class> <!-- com.lala.test.RunTest -->
    </test> <!-- Default test -->
  </suite> <!-- Default suite -->
</testng-results>
