<?xml version="1.0" encoding="UTF-8"?>
<testng-results skipped="0" failed="0" total="1" passed="1">
  <reporter-output>
  </reporter-output>
  <suite name="lala Rest Api Testing" duration-ms="2298" started-at="2018-11-29T08:55:15Z" finished-at="2018-11-29T08:55:17Z">
    <groups>
    </groups>
    <test name="lalaTestNGTest" duration-ms="2298" started-at="2018-11-29T08:55:15Z" finished-at="2018-11-29T08:55:17Z">
      <class name="com.lala.test.PlaceOrderTest">
        <test-method status="PASS" signature="suitelalaTestNGTest()[pri:0, instance:com.lala.test.PlaceOrderTest@6d00a15d]" name="suitelalaTestNGTest" is-config="true" duration-ms="8" started-at="2018-11-29T14:25:15Z" finished-at="2018-11-29T14:25:15Z">
          <reporter-output>
          </reporter-output>
        </test-method> <!-- suitelalaTestNGTest -->
        <test-method status="PASS" signature="verifyNewOrder()[pri:1, instance:com.lala.test.PlaceOrderTest@6d00a15d]" name="verifyNewOrder" duration-ms="2279" started-at="2018-11-29T14:25:15Z" finished-at="2018-11-29T14:25:17Z">
          <reporter-output>
          </reporter-output>
        </test-method> <!-- verifyNewOrder -->
      </class> <!-- com.lala.test.PlaceOrderTest -->
    </test> <!-- lalaTestNGTest -->
  </suite> <!-- lala Rest Api Testing -->
</testng-results>
