<?xml version="1.0" encoding="UTF-8"?>
<testng-results skipped="0" failed="0" total="6" passed="6">
  <reporter-output>
  </reporter-output>
  <suite name="Default suite" duration-ms="4363" started-at="2018-11-18T08:01:44Z" finished-at="2018-11-18T08:01:49Z">
    <groups>
    </groups>
    <test name="Default test" duration-ms="4363" started-at="2018-11-18T08:01:44Z" finished-at="2018-11-18T08:01:49Z">
      <class name="com.lala.test.RunTest">
        <test-method status="PASS" signature="verifyPlaceOrder()[pri:1, instance:com.lala.test.RunTest@643b1d11]" name="verifyPlaceOrder" duration-ms="3398" started-at="2018-11-18T13:31:44Z" finished-at="2018-11-18T13:31:48Z">
          <reporter-output>
          </reporter-output>
        </test-method> <!-- verifyPlaceOrder -->
        <test-method status="PASS" signature="verifyFetchOrderWhenOrderExist()[pri:2, instance:com.lala.test.RunTest@643b1d11]" name="verifyFetchOrderWhenOrderExist" duration-ms="284" started-at="2018-11-18T13:31:48Z" finished-at="2018-11-18T13:31:48Z">
          <reporter-output>
          </reporter-output>
        </test-method> <!-- verifyFetchOrderWhenOrderExist -->
        <test-method status="PASS" signature="verifyFetchOrderWhenOrderDoesNotExist()[pri:3, instance:com.lala.test.RunTest@643b1d11]" name="verifyFetchOrderWhenOrderDoesNotExist" duration-ms="33" started-at="2018-11-18T13:31:48Z" finished-at="2018-11-18T13:31:48Z">
          <reporter-output>
          </reporter-output>
        </test-method> <!-- verifyFetchOrderWhenOrderDoesNotExist -->
        <test-method status="PASS" signature="verifyDriveToTakeOrder()[pri:4, instance:com.lala.test.RunTest@643b1d11]" name="verifyDriveToTakeOrder" duration-ms="210" started-at="2018-11-18T13:31:48Z" finished-at="2018-11-18T13:31:48Z">
          <reporter-output>
          </reporter-output>
        </test-method> <!-- verifyDriveToTakeOrder -->
        <test-method status="PASS" signature="verifyDriveToComplete()[pri:5, instance:com.lala.test.RunTest@643b1d11]" name="verifyDriveToComplete" duration-ms="222" started-at="2018-11-18T13:31:48Z" finished-at="2018-11-18T13:31:49Z">
          <reporter-output>
          </reporter-output>
        </test-method> <!-- verifyDriveToComplete -->
        <test-method status="PASS" signature="verifyCancelOrder()[pri:6, instance:com.lala.test.RunTest@643b1d11]" name="verifyCancelOrder" duration-ms="173" started-at="2018-11-18T13:31:49Z" finished-at="2018-11-18T13:31:49Z">
          <reporter-output>
          </reporter-output>
        </test-method> <!-- verifyCancelOrder -->
      </class> <!-- com.lala.test.RunTest -->
    </test> <!-- Default test -->
  </suite> <!-- Default suite -->
</testng-results>
