<?xml version="1.0" encoding="UTF-8"?>
<testng-results skipped="0" failed="0" total="1" passed="1">
  <reporter-output>
  </reporter-output>
  <suite name="lala Rest Api Testing" duration-ms="1618" started-at="2018-12-06T06:15:05Z" finished-at="2018-12-06T06:15:07Z">
    <groups>
    </groups>
    <test name="lalaTestNGTest" duration-ms="1618" started-at="2018-12-06T06:15:05Z" finished-at="2018-12-06T06:15:07Z">
      <class name="com.lala.test.PlaceOrderTest">
        <test-method status="PASS" signature="suitelalaTestNGTest()[pri:0, instance:com.lala.test.PlaceOrderTest@62ee68d8]" name="suitelalaTestNGTest" is-config="true" duration-ms="20" started-at="2018-12-06T11:45:05Z" finished-at="2018-12-06T11:45:05Z">
          <reporter-output>
          </reporter-output>
        </test-method> <!-- suitelalaTestNGTest -->
        <test-method status="PASS" signature="verifyNewOrderWithInvalidPayload()[pri:1, instance:com.lala.test.PlaceOrderTest@62ee68d8]" name="verifyNewOrderWithInvalidPayload" duration-ms="1574" started-at="2018-12-06T11:45:05Z" finished-at="2018-12-06T11:45:07Z">
          <reporter-output>
          </reporter-output>
        </test-method> <!-- verifyNewOrderWithInvalidPayload -->
      </class> <!-- com.lala.test.PlaceOrderTest -->
    </test> <!-- lalaTestNGTest -->
  </suite> <!-- lala Rest Api Testing -->
</testng-results>
