<?xml version="1.0" encoding="UTF-8"?>
<testng-results skipped="0" failed="0" total="6" passed="6">
  <reporter-output>
  </reporter-output>
  <suite name="softwaretestingmaterial" duration-ms="3630" started-at="2018-11-19T09:05:04Z" finished-at="2018-11-19T09:05:07Z">
    <groups>
    </groups>
    <test name="lalaTestNGTest" duration-ms="3630" started-at="2018-11-19T09:05:04Z" finished-at="2018-11-19T09:05:07Z">
      <class name="com.lala.test.CancelOrderTest">
        <test-method status="PASS" signature="verifyCancelOrder()[pri:6, instance:com.lala.test.CancelOrderTest@51efea79]" name="verifyCancelOrder" duration-ms="409" started-at="2018-11-19T14:35:07Z" finished-at="2018-11-19T14:35:07Z">
          <reporter-output>
          </reporter-output>
        </test-method> <!-- verifyCancelOrder -->
      </class> <!-- com.lala.test.CancelOrderTest -->
      <class name="com.lala.test.DriveToCompleteOrderTest">
        <test-method status="PASS" signature="verifyDriveToComplete()[pri:5, instance:com.lala.test.DriveToCompleteOrderTest@6d00a15d]" name="verifyDriveToComplete" duration-ms="611" started-at="2018-11-19T14:35:06Z" finished-at="2018-11-19T14:35:07Z">
          <reporter-output>
          </reporter-output>
        </test-method> <!-- verifyDriveToComplete -->
      </class> <!-- com.lala.test.DriveToCompleteOrderTest -->
      <class name="com.lala.test.PlaceOrderTest">
        <test-method status="PASS" signature="verifyPlaceOrder()[pri:1, instance:com.lala.test.PlaceOrderTest@3a82f6ef]" name="verifyPlaceOrder" duration-ms="1592" started-at="2018-11-19T14:35:04Z" finished-at="2018-11-19T14:35:05Z">
          <reporter-output>
          </reporter-output>
        </test-method> <!-- verifyPlaceOrder -->
      </class> <!-- com.lala.test.PlaceOrderTest -->
      <class name="com.lala.test.FetchOrderTest">
        <test-method status="PASS" signature="verifyFetchOrderWhenOrderExist()[pri:1, instance:com.lala.test.FetchOrderTest@2ef5e5e3]" name="verifyFetchOrderWhenOrderExist" duration-ms="404" started-at="2018-11-19T14:35:05Z" finished-at="2018-11-19T14:35:06Z">
          <reporter-output>
          </reporter-output>
        </test-method> <!-- verifyFetchOrderWhenOrderExist -->
        <test-method status="PASS" signature="verifyFetchOrderWhenOrderDoesNotExist()[pri:3, instance:com.lala.test.FetchOrderTest@2ef5e5e3]" name="verifyFetchOrderWhenOrderDoesNotExist" duration-ms="182" started-at="2018-11-19T14:35:06Z" finished-at="2018-11-19T14:35:06Z">
          <reporter-output>
          </reporter-output>
        </test-method> <!-- verifyFetchOrderWhenOrderDoesNotExist -->
      </class> <!-- com.lala.test.FetchOrderTest -->
      <class name="com.lala.test.DriveToTakeOrderTest">
        <test-method status="PASS" signature="verifyDriveToTakeOrder()[pri:1, instance:com.lala.test.DriveToTakeOrderTest@36d4b5c]" name="verifyDriveToTakeOrder" duration-ms="405" started-at="2018-11-19T14:35:06Z" finished-at="2018-11-19T14:35:06Z">
          <reporter-output>
          </reporter-output>
        </test-method> <!-- verifyDriveToTakeOrder -->
      </class> <!-- com.lala.test.DriveToTakeOrderTest -->
    </test> <!-- lalaTestNGTest -->
  </suite> <!-- softwaretestingmaterial -->
</testng-results>
