<?xml version="1.0" encoding="UTF-8"?>
<!-- Generated by org.testng.reporters.JUnitXMLReporter -->
<testsuite hostname="Ajay3147361" name="lalaTestNGTest" tests="6" failures="0" timestamp="19 Nov 2018 09:05:07 GMT" time="3.63" errors="0">
  <testcase name="verifyPlaceOrder" time="1.592" classname="com.lala.test.PlaceOrderTest"/>
  <testcase name="verifyFetchOrderWhenOrderExist" time="0.404" classname="com.lala.test.FetchOrderTest"/>
  <testcase name="verifyFetchOrderWhenOrderDoesNotExist" time="0.182" classname="com.lala.test.FetchOrderTest"/>
  <testcase name="verifyDriveToTakeOrder" time="0.405" classname="com.lala.test.DriveToTakeOrderTest"/>
  <testcase name="verifyDriveToComplete" time="0.611" classname="com.lala.test.DriveToCompleteOrderTest"/>
  <testcase name="verifyCancelOrder" time="0.409" classname="com.lala.test.CancelOrderTest"/>
</testsuite> <!-- lalaTestNGTest -->
