<?xml version="1.0" encoding="UTF-8"?>
<!-- Generated by org.testng.reporters.JUnitXMLReporter -->
<testsuite hostname="Ajay3147361" name="testngTest" tests="6" failures="0" timestamp="19 Nov 2018 08:38:28 GMT" time="35.526" errors="0">
  <testcase name="verifyPlaceOrder" time="1.836" classname="com.lala.test.RunTest"/>
  <testcase name="verifyFetchOrderWhenOrderExist" time="0.396" classname="com.lala.test.RunTest"/>
  <testcase name="verifyFetchOrderWhenOrderDoesNotExist" time="0.199" classname="com.lala.test.RunTest"/>
  <testcase name="verifyDriveToTakeOrder" time="0.439" classname="com.lala.test.RunTest"/>
  <testcase name="verifyDriveToComplete" time="32.16" classname="com.lala.test.RunTest"/>
  <testcase name="verifyCancelOrder" time="0.459" classname="com.lala.test.RunTest"/>
</testsuite> <!-- testngTest -->
